-- The C compiler identification is GNU 11.4.0
-- The CXX compiler identification is GNU 11.4.0
-- Detecting C compiler ABI info
-- Detecting C compiler ABI info - done
-- Check for working C compiler: /usr/bin/cc - skipped
-- Detecting C compile features
-- Detecting C compile features - done
-- Detecting CXX compiler ABI info
-- Detecting CXX compiler ABI info - done
-- Check for working CXX compiler: /usr/bin/c++ - skipped
-- Detecting CXX compile features
-- Detecting CXX compile features - done
-- Found ament_cmake: 1.3.12 (/opt/ros/humble/share/ament_cmake/cmake)
-- Found Python3: /usr/bin/python3 (found version "3.10.12") found components: Interpreter 
-- Found rclcpp: 16.0.15 (/opt/ros/humble/share/rclcpp/cmake)
-- Found rosidl_generator_c: 3.1.7 (/opt/ros/humble/share/rosidl_generator_c/cmake)
-- Found rosidl_adapter: 3.1.7 (/opt/ros/humble/share/rosidl_adapter/cmake)
-- Found rosidl_generator_cpp: 3.1.7 (/opt/ros/humble/share/rosidl_generator_cpp/cmake)
-- Using all available rosidl_typesupport_c: rosidl_typesupport_fastrtps_c;rosidl_typesupport_introspection_c
-- Using all available rosidl_typesupport_cpp: rosidl_typesupport_fastrtps_cpp;rosidl_typesupport_introspection_cpp
-- Found rmw_implementation_cmake: 6.1.2 (/opt/ros/humble/share/rmw_implementation_cmake/cmake)
-- Found rmw_fastrtps_cpp: 6.2.8 (/opt/ros/humble/share/rmw_fastrtps_cpp/cmake)
-- Found OpenSSL: /usr/lib/x86_64-linux-gnu/libcrypto.so (found version "3.0.2")  
-- Found FastRTPS: /opt/ros/humble/include  
-- Using RMW implementation 'rmw_fastrtps_cpp' as default
-- Looking for pthread.h
-- Looking for pthread.h - found
-- Performing Test CMAKE_HAVE_LIBC_PTHREAD
-- Performing Test CMAKE_HAVE_LIBC_PTHREAD - Success
-- Found Threads: TRUE  
-- Found sensor_msgs: 4.9.0 (/opt/ros/humble/share/sensor_msgs/cmake)
-- Configuring done
-- Generating done
-- Build files have been written to: /home/amr/robot_project/build/mujoco_ros2
[ 33%] [32mBuilding CXX object CMakeFiles/mujoco_node.dir/src/nodes/mujoco_node.cpp.o[0m
[ 66%] [32mBuilding CXX object CMakeFiles/mujoco_node.dir/src/mujoco_ros.cpp.o[0m
[100%] [32m[1mLinking CXX executable mujoco_node[0m
[100%] Built target mujoco_node
-- Install configuration: ""
-- Installing: /home/amr/robot_project/install/mujoco_ros2/lib/mujoco_ros2/mujoco_node
-- Set runtime path of "/home/amr/robot_project/install/mujoco_ros2/lib/mujoco_ros2/mujoco_node" to ""
-- Installing: /home/amr/robot_project/install/mujoco_ros2/share/mujoco_ros2/launch
-- Installing: /home/amr/robot_project/install/mujoco_ros2/share/mujoco_ros2/launch/example.py
-- Installing: /home/amr/robot_project/install/mujoco_ros2/share/mujoco_ros2/model
-- Installing: /home/amr/robot_project/install/mujoco_ros2/share/mujoco_ros2/model/low_cost_robot_arm.xml
-- Installing: /home/amr/robot_project/install/mujoco_ros2/share/mujoco_ros2/model/low_cost_robot_arm
-- Installing: /home/amr/robot_project/install/mujoco_ros2/share/mujoco_ros2/model/low_cost_robot_arm/LICENSE
-- Installing: /home/amr/robot_project/install/mujoco_ros2/share/mujoco_ros2/model/low_cost_robot_arm/README.md
-- Installing: /home/amr/robot_project/install/mujoco_ros2/share/mujoco_ros2/model/low_cost_robot_arm/low_cost_robot_arm.png
-- Installing: /home/amr/robot_project/install/mujoco_ros2/share/mujoco_ros2/model/assets
-- Installing: /home/amr/robot_project/install/mujoco_ros2/share/mujoco_ros2/model/assets/elbow_to_wrist.stl
-- Installing: /home/amr/robot_project/install/mujoco_ros2/share/mujoco_ros2/model/assets/shoulder_to_elbow_motor.stl
-- Installing: /home/amr/robot_project/install/mujoco_ros2/share/mujoco_ros2/model/assets/gripper_static_finger_collision_2.stl
-- Installing: /home/amr/robot_project/install/mujoco_ros2/share/mujoco_ros2/model/assets/gripper_moving_finger_collision_1.stl
-- Installing: /home/amr/robot_project/install/mujoco_ros2/share/mujoco_ros2/model/assets/elbow_to_wrist_extension.stl
-- Installing: /home/amr/robot_project/install/mujoco_ros2/share/mujoco_ros2/model/assets/shoulder_to_elbow.stl
-- Installing: /home/amr/robot_project/install/mujoco_ros2/share/mujoco_ros2/model/assets/shoulder_rotation.stl
-- Installing: /home/amr/robot_project/install/mujoco_ros2/share/mujoco_ros2/model/assets/shoulder_rotation_motor.stl
-- Installing: /home/amr/robot_project/install/mujoco_ros2/share/mujoco_ros2/model/assets/gripper_static_finger_motor.stl
-- Installing: /home/amr/robot_project/install/mujoco_ros2/share/mujoco_ros2/model/assets/gripper_moving_finger_collision_2.stl
-- Installing: /home/amr/robot_project/install/mujoco_ros2/share/mujoco_ros2/model/assets/gripper_moving_finger.stl
-- Installing: /home/amr/robot_project/install/mujoco_ros2/share/mujoco_ros2/model/assets/base_link.stl
-- Installing: /home/amr/robot_project/install/mujoco_ros2/share/mujoco_ros2/model/assets/gripper_static_finger_collision_1.stl
-- Installing: /home/amr/robot_project/install/mujoco_ros2/share/mujoco_ros2/model/assets/elbow_to_wrist_extension_motor.stl
-- Installing: /home/amr/robot_project/install/mujoco_ros2/share/mujoco_ros2/model/assets/elbow_to_wrist_extension_collision.stl
-- Installing: /home/amr/robot_project/install/mujoco_ros2/share/mujoco_ros2/model/assets/base_link_collision.stl
-- Installing: /home/amr/robot_project/install/mujoco_ros2/share/mujoco_ros2/model/assets/elbow_to_wrist_motor.stl
-- Installing: /home/amr/robot_project/install/mujoco_ros2/share/mujoco_ros2/model/assets/shoulder_rotation_collision.stl
-- Installing: /home/amr/robot_project/install/mujoco_ros2/share/mujoco_ros2/model/assets/base_link_motor.stl
-- Installing: /home/amr/robot_project/install/mujoco_ros2/share/mujoco_ros2/model/assets/shoulder_to_elbow_collision.stl
-- Installing: /home/amr/robot_project/install/mujoco_ros2/share/mujoco_ros2/model/assets/gripper_static_finger.stl
-- Installing: /home/amr/robot_project/install/mujoco_ros2/share/mujoco_ros2/model/assets/elbow_to_wrist_collision.stl
-- Installing: /home/amr/robot_project/install/mujoco_ros2/share/mujoco_ros2/model/scene.xml
-- Installing: /home/amr/robot_project/install/mujoco_ros2/share/ament_index/resource_index/package_run_dependencies/mujoco_ros2
-- Installing: /home/amr/robot_project/install/mujoco_ros2/share/ament_index/resource_index/parent_prefix_path/mujoco_ros2
-- Installing: /home/amr/robot_project/install/mujoco_ros2/share/mujoco_ros2/environment/ament_prefix_path.sh
-- Installing: /home/amr/robot_project/install/mujoco_ros2/share/mujoco_ros2/environment/ament_prefix_path.dsv
-- Installing: /home/amr/robot_project/install/mujoco_ros2/share/mujoco_ros2/environment/path.sh
-- Installing: /home/amr/robot_project/install/mujoco_ros2/share/mujoco_ros2/environment/path.dsv
-- Installing: /home/amr/robot_project/install/mujoco_ros2/share/mujoco_ros2/local_setup.bash
-- Installing: /home/amr/robot_project/install/mujoco_ros2/share/mujoco_ros2/local_setup.sh
-- Installing: /home/amr/robot_project/install/mujoco_ros2/share/mujoco_ros2/local_setup.zsh
-- Installing: /home/amr/robot_project/install/mujoco_ros2/share/mujoco_ros2/local_setup.dsv
-- Installing: /home/amr/robot_project/install/mujoco_ros2/share/mujoco_ros2/package.dsv
-- Installing: /home/amr/robot_project/install/mujoco_ros2/share/ament_index/resource_index/packages/mujoco_ros2
-- Installing: /home/amr/robot_project/install/mujoco_ros2/share/mujoco_ros2/cmake/mujoco_ros2Config.cmake
-- Installing: /home/amr/robot_project/install/mujoco_ros2/share/mujoco_ros2/cmake/mujoco_ros2Config-version.cmake
-- Installing: /home/amr/robot_project/install/mujoco_ros2/share/mujoco_ros2/package.xml
