[0.019s] Invoking command in '/home/amr/robot_project/build/mujoco_ros2': CMAKE_PREFIX_PATH=${CMAKE_PREFIX_PATH}:/opt/ros/humble /usr/bin/cmake --build /home/amr/robot_project/build/mujoco_ros2 -- -j6 -l6
[0.089s] [35m[1mConsolidate compiler generated dependencies of target mujoco_node[0m
[0.120s] [100%] Built target mujoco_node
[0.148s] Invoked command in '/home/amr/robot_project/build/mujoco_ros2' returned '0': CMAKE_PREFIX_PATH=${CMAKE_PREFIX_PATH}:/opt/ros/humble /usr/bin/cmake --build /home/amr/robot_project/build/mujoco_ros2 -- -j6 -l6
[0.164s] Invoking command in '/home/amr/robot_project/build/mujoco_ros2': CMAKE_PREFIX_PATH=${CMAKE_PREFIX_PATH}:/opt/ros/humble /usr/bin/cmake --install /home/amr/robot_project/build/mujoco_ros2
[0.176s] -- Install configuration: ""
[0.176s] -- Up-to-date: /home/amr/robot_project/install/mujoco_ros2/lib/mujoco_ros2/mujoco_node
[0.177s] -- Up-to-date: /home/amr/robot_project/install/mujoco_ros2/share/mujoco_ros2/launch
[0.177s] -- Up-to-date: /home/amr/robot_project/install/mujoco_ros2/share/mujoco_ros2/launch/example.py
[0.177s] -- Up-to-date: /home/amr/robot_project/install/mujoco_ros2/share/mujoco_ros2/model
[0.177s] -- Up-to-date: /home/amr/robot_project/install/mujoco_ros2/share/mujoco_ros2/model/low_cost_robot_arm.xml
[0.177s] -- Up-to-date: /home/amr/robot_project/install/mujoco_ros2/share/mujoco_ros2/model/low_cost_robot_arm
[0.177s] -- Up-to-date: /home/amr/robot_project/install/mujoco_ros2/share/mujoco_ros2/model/low_cost_robot_arm/LICENSE
[0.177s] -- Up-to-date: /home/amr/robot_project/install/mujoco_ros2/share/mujoco_ros2/model/low_cost_robot_arm/README.md
[0.177s] -- Up-to-date: /home/amr/robot_project/install/mujoco_ros2/share/mujoco_ros2/model/low_cost_robot_arm/low_cost_robot_arm.png
[0.177s] -- Up-to-date: /home/amr/robot_project/install/mujoco_ros2/share/mujoco_ros2/model/assets
[0.178s] -- Up-to-date: /home/amr/robot_project/install/mujoco_ros2/share/mujoco_ros2/model/assets/elbow_to_wrist.stl
[0.178s] -- Up-to-date: /home/amr/robot_project/install/mujoco_ros2/share/mujoco_ros2/model/assets/shoulder_to_elbow_motor.stl
[0.178s] -- Up-to-date: /home/amr/robot_project/install/mujoco_ros2/share/mujoco_ros2/model/assets/gripper_static_finger_collision_2.stl
[0.178s] -- Up-to-date: /home/amr/robot_project/install/mujoco_ros2/share/mujoco_ros2/model/assets/gripper_moving_finger_collision_1.stl
[0.178s] -- Up-to-date: /home/amr/robot_project/install/mujoco_ros2/share/mujoco_ros2/model/assets/elbow_to_wrist_extension.stl
[0.178s] -- Up-to-date: /home/amr/robot_project/install/mujoco_ros2/share/mujoco_ros2/model/assets/shoulder_to_elbow.stl
[0.178s] -- Up-to-date: /home/amr/robot_project/install/mujoco_ros2/share/mujoco_ros2/model/assets/shoulder_rotation.stl
[0.178s] -- Up-to-date: /home/amr/robot_project/install/mujoco_ros2/share/mujoco_ros2/model/assets/shoulder_rotation_motor.stl
[0.178s] -- Up-to-date: /home/amr/robot_project/install/mujoco_ros2/share/mujoco_ros2/model/assets/gripper_static_finger_motor.stl
[0.178s] -- Up-to-date: /home/amr/robot_project/install/mujoco_ros2/share/mujoco_ros2/model/assets/gripper_moving_finger_collision_2.stl
[0.178s] -- Up-to-date: /home/amr/robot_project/install/mujoco_ros2/share/mujoco_ros2/model/assets/gripper_moving_finger.stl
[0.178s] -- Up-to-date: /home/amr/robot_project/install/mujoco_ros2/share/mujoco_ros2/model/assets/base_link.stl
[0.178s] -- Up-to-date: /home/amr/robot_project/install/mujoco_ros2/share/mujoco_ros2/model/assets/gripper_static_finger_collision_1.stl
[0.179s] -- Up-to-date: /home/amr/robot_project/install/mujoco_ros2/share/mujoco_ros2/model/assets/elbow_to_wrist_extension_motor.stl
[0.179s] -- Up-to-date: /home/amr/robot_project/install/mujoco_ros2/share/mujoco_ros2/model/assets/elbow_to_wrist_extension_collision.stl
[0.179s] -- Up-to-date: /home/amr/robot_project/install/mujoco_ros2/share/mujoco_ros2/model/assets/base_link_collision.stl
[0.180s] -- Up-to-date: /home/amr/robot_project/install/mujoco_ros2/share/mujoco_ros2/model/assets/elbow_to_wrist_motor.stl
[0.180s] -- Up-to-date: /home/amr/robot_project/install/mujoco_ros2/share/mujoco_ros2/model/assets/shoulder_rotation_collision.stl
[0.180s] -- Up-to-date: /home/amr/robot_project/install/mujoco_ros2/share/mujoco_ros2/model/assets/base_link_motor.stl
[0.180s] -- Up-to-date: /home/amr/robot_project/install/mujoco_ros2/share/mujoco_ros2/model/assets/shoulder_to_elbow_collision.stl
[0.181s] -- Up-to-date: /home/amr/robot_project/install/mujoco_ros2/share/mujoco_ros2/model/assets/gripper_static_finger.stl
[0.181s] -- Up-to-date: /home/amr/robot_project/install/mujoco_ros2/share/mujoco_ros2/model/assets/elbow_to_wrist_collision.stl
[0.181s] -- Up-to-date: /home/amr/robot_project/install/mujoco_ros2/share/mujoco_ros2/model/scene.xml
[0.182s] -- Up-to-date: /home/amr/robot_project/install/mujoco_ros2/share/ament_index/resource_index/package_run_dependencies/mujoco_ros2
[0.182s] -- Up-to-date: /home/amr/robot_project/install/mujoco_ros2/share/ament_index/resource_index/parent_prefix_path/mujoco_ros2
[0.182s] -- Up-to-date: /home/amr/robot_project/install/mujoco_ros2/share/mujoco_ros2/environment/ament_prefix_path.sh
[0.182s] -- Up-to-date: /home/amr/robot_project/install/mujoco_ros2/share/mujoco_ros2/environment/ament_prefix_path.dsv
[0.183s] -- Up-to-date: /home/amr/robot_project/install/mujoco_ros2/share/mujoco_ros2/environment/path.sh
[0.183s] -- Up-to-date: /home/amr/robot_project/install/mujoco_ros2/share/mujoco_ros2/environment/path.dsv
[0.183s] -- Up-to-date: /home/amr/robot_project/install/mujoco_ros2/share/mujoco_ros2/local_setup.bash
[0.184s] -- Up-to-date: /home/amr/robot_project/install/mujoco_ros2/share/mujoco_ros2/local_setup.sh
[0.184s] -- Up-to-date: /home/amr/robot_project/install/mujoco_ros2/share/mujoco_ros2/local_setup.zsh
[0.185s] -- Up-to-date: /home/amr/robot_project/install/mujoco_ros2/share/mujoco_ros2/local_setup.dsv
[0.186s] -- Installing: /home/amr/robot_project/install/mujoco_ros2/share/mujoco_ros2/package.dsv
[0.187s] -- Up-to-date: /home/amr/robot_project/install/mujoco_ros2/share/ament_index/resource_index/packages/mujoco_ros2
[0.187s] -- Up-to-date: /home/amr/robot_project/install/mujoco_ros2/share/mujoco_ros2/cmake/mujoco_ros2Config.cmake
[0.188s] -- Up-to-date: /home/amr/robot_project/install/mujoco_ros2/share/mujoco_ros2/cmake/mujoco_ros2Config-version.cmake
[0.188s] -- Up-to-date: /home/amr/robot_project/install/mujoco_ros2/share/mujoco_ros2/package.xml
[0.190s] Invoked command in '/home/amr/robot_project/build/mujoco_ros2' returned '0': CMAKE_PREFIX_PATH=${CMAKE_PREFIX_PATH}:/opt/ros/humble /usr/bin/cmake --install /home/amr/robot_project/build/mujoco_ros2
