[0.096s] DEBUG:colcon:Command line arguments: ['/usr/bin/colcon', 'build', '--packages-select', 'mujoco_ros2']
[0.096s] DEBUG:colcon:Parsed command line arguments: Namespace(log_base=None, log_level=None, verb_name='build', build_base='build', install_base='install', merge_install=False, symlink_install=False, test_result_base=None, continue_on_error=False, executor='parallel', parallel_workers=6, event_handlers=None, ignore_user_meta=False, metas=['./colcon.meta'], base_paths=['.'], packages_ignore=None, packages_ignore_regex=None, paths=None, packages_up_to=None, packages_up_to_regex=None, packages_above=None, packages_above_and_dependencies=None, packages_above_depth=None, packages_select_by_dep=None, packages_skip_by_dep=None, packages_skip_up_to=None, packages_select_build_failed=False, packages_skip_build_finished=False, packages_select_test_failures=False, packages_skip_test_passed=False, packages_select=['mujoco_ros2'], packages_skip=None, packages_select_regex=None, packages_skip_regex=None, packages_start=None, packages_end=None, allow_overriding=[], cmake_args=None, cmake_target=None, cmake_target_skip_unavailable=False, cmake_clean_cache=False, cmake_clean_first=False, cmake_force_configure=False, ament_cmake_args=None, catkin_cmake_args=None, catkin_skip_building_tests=False, mixin_files=None, mixin=None, verb_parser=<colcon_mixin.mixin.mixin_argument.MixinArgumentDecorator object at 0x72f55f64d4b0>, verb_extension=<colcon_core.verb.build.BuildVerb object at 0x72f55f64cee0>, main=<bound method BuildVerb.main of <colcon_core.verb.build.BuildVerb object at 0x72f55f64cee0>>, mixin_verb=('build',))
[0.234s] Level 1:colcon.colcon_core.package_discovery:discover_packages(colcon_meta) check parameters
[0.234s] Level 1:colcon.colcon_core.package_discovery:discover_packages(recursive) check parameters
[0.234s] Level 1:colcon.colcon_core.package_discovery:discover_packages(ignore) check parameters
[0.234s] Level 1:colcon.colcon_core.package_discovery:discover_packages(path) check parameters
[0.234s] Level 1:colcon.colcon_core.package_discovery:discover_packages(colcon_meta) discover
[0.234s] Level 1:colcon.colcon_core.package_discovery:discover_packages(recursive) discover
[0.234s] INFO:colcon.colcon_core.package_discovery:Crawling recursively for packages in '/home/amr/robot_project'
[0.235s] Level 1:colcon.colcon_core.package_identification:_identify(.) by extensions ['ignore', 'ignore_ament_install']
[0.235s] Level 1:colcon.colcon_core.package_identification:_identify(.) by extension 'ignore'
[0.235s] Level 1:colcon.colcon_core.package_identification:_identify(.) by extension 'ignore_ament_install'
[0.235s] Level 1:colcon.colcon_core.package_identification:_identify(.) by extensions ['colcon_pkg']
[0.235s] Level 1:colcon.colcon_core.package_identification:_identify(.) by extension 'colcon_pkg'
[0.235s] Level 1:colcon.colcon_core.package_identification:_identify(.) by extensions ['colcon_meta']
[0.235s] Level 1:colcon.colcon_core.package_identification:_identify(.) by extension 'colcon_meta'
[0.235s] Level 1:colcon.colcon_core.package_identification:_identify(.) by extensions ['ros']
[0.235s] Level 1:colcon.colcon_core.package_identification:_identify(.) by extension 'ros'
[0.244s] Level 1:colcon.colcon_core.package_identification:_identify(.) by extensions ['cmake', 'python']
[0.244s] Level 1:colcon.colcon_core.package_identification:_identify(.) by extension 'cmake'
[0.244s] Level 1:colcon.colcon_core.package_identification:_identify(.) by extension 'python'
[0.244s] Level 1:colcon.colcon_core.package_identification:_identify(.) by extensions ['python_setup_py']
[0.244s] Level 1:colcon.colcon_core.package_identification:_identify(.) by extension 'python_setup_py'
[0.244s] Level 1:colcon.colcon_core.package_identification:_identify(build) by extensions ['ignore', 'ignore_ament_install']
[0.244s] Level 1:colcon.colcon_core.package_identification:_identify(build) by extension 'ignore'
[0.244s] Level 1:colcon.colcon_core.package_identification:_identify(build) ignored
[0.244s] Level 1:colcon.colcon_core.package_identification:_identify(install) by extensions ['ignore', 'ignore_ament_install']
[0.245s] Level 1:colcon.colcon_core.package_identification:_identify(install) by extension 'ignore'
[0.245s] Level 1:colcon.colcon_core.package_identification:_identify(install) ignored
[0.245s] Level 1:colcon.colcon_core.package_identification:_identify(log) by extensions ['ignore', 'ignore_ament_install']
[0.245s] Level 1:colcon.colcon_core.package_identification:_identify(log) by extension 'ignore'
[0.245s] Level 1:colcon.colcon_core.package_identification:_identify(log) ignored
[0.245s] Level 1:colcon.colcon_core.package_identification:_identify(src) by extensions ['ignore', 'ignore_ament_install']
[0.245s] Level 1:colcon.colcon_core.package_identification:_identify(src) by extension 'ignore'
[0.245s] Level 1:colcon.colcon_core.package_identification:_identify(src) by extension 'ignore_ament_install'
[0.245s] Level 1:colcon.colcon_core.package_identification:_identify(src) by extensions ['colcon_pkg']
[0.245s] Level 1:colcon.colcon_core.package_identification:_identify(src) by extension 'colcon_pkg'
[0.245s] Level 1:colcon.colcon_core.package_identification:_identify(src) by extensions ['colcon_meta']
[0.245s] Level 1:colcon.colcon_core.package_identification:_identify(src) by extension 'colcon_meta'
[0.245s] Level 1:colcon.colcon_core.package_identification:_identify(src) by extensions ['ros']
[0.245s] Level 1:colcon.colcon_core.package_identification:_identify(src) by extension 'ros'
[0.245s] Level 1:colcon.colcon_core.package_identification:_identify(src) by extensions ['cmake', 'python']
[0.245s] Level 1:colcon.colcon_core.package_identification:_identify(src) by extension 'cmake'
[0.245s] Level 1:colcon.colcon_core.package_identification:_identify(src) by extension 'python'
[0.245s] Level 1:colcon.colcon_core.package_identification:_identify(src) by extensions ['python_setup_py']
[0.245s] Level 1:colcon.colcon_core.package_identification:_identify(src) by extension 'python_setup_py'
[0.245s] Level 1:colcon.colcon_core.package_identification:_identify(src/mujoco_ros2) by extensions ['ignore', 'ignore_ament_install']
[0.245s] Level 1:colcon.colcon_core.package_identification:_identify(src/mujoco_ros2) by extension 'ignore'
[0.245s] Level 1:colcon.colcon_core.package_identification:_identify(src/mujoco_ros2) by extension 'ignore_ament_install'
[0.246s] Level 1:colcon.colcon_core.package_identification:_identify(src/mujoco_ros2) by extensions ['colcon_pkg']
[0.246s] Level 1:colcon.colcon_core.package_identification:_identify(src/mujoco_ros2) by extension 'colcon_pkg'
[0.246s] Level 1:colcon.colcon_core.package_identification:_identify(src/mujoco_ros2) by extensions ['colcon_meta']
[0.246s] Level 1:colcon.colcon_core.package_identification:_identify(src/mujoco_ros2) by extension 'colcon_meta'
[0.246s] Level 1:colcon.colcon_core.package_identification:_identify(src/mujoco_ros2) by extensions ['ros']
[0.246s] Level 1:colcon.colcon_core.package_identification:_identify(src/mujoco_ros2) by extension 'ros'
[0.248s] DEBUG:colcon.colcon_core.package_identification:Package 'src/mujoco_ros2' with type 'ros.ament_cmake' and name 'mujoco_ros2'
[0.248s] Level 1:colcon.colcon_core.package_discovery:discover_packages(recursive) using defaults
[0.248s] Level 1:colcon.colcon_core.package_discovery:discover_packages(ignore) discover
[0.248s] Level 1:colcon.colcon_core.package_discovery:discover_packages(ignore) using defaults
[0.248s] Level 1:colcon.colcon_core.package_discovery:discover_packages(path) discover
[0.248s] Level 1:colcon.colcon_core.package_discovery:discover_packages(path) using defaults
[0.272s] Level 1:colcon.colcon_core.package_discovery:discover_packages(prefix_path) check parameters
[0.272s] Level 1:colcon.colcon_core.package_discovery:discover_packages(prefix_path) discover
[0.273s] WARNING:colcon.colcon_ros.prefix_path.ament:The path '/home/amr/robot_project/install/mujoco_ros2' in the environment variable AMENT_PREFIX_PATH doesn't exist
[0.273s] WARNING:colcon.colcon_ros.prefix_path.catkin:The path '/home/amr/robot_project/install/mujoco_ros2' in the environment variable CMAKE_PREFIX_PATH doesn't exist
[0.274s] DEBUG:colcon.colcon_installed_package_information.package_discovery:Found 0 installed packages in /home/amr/robot_project/install
[0.275s] DEBUG:colcon.colcon_installed_package_information.package_discovery:Found 271 installed packages in /opt/ros/humble
[0.276s] Level 1:colcon.colcon_core.package_discovery:discover_packages(prefix_path) using defaults
[0.306s] Level 5:colcon.colcon_core.verb:set package 'mujoco_ros2' build argument 'cmake_args' from command line to 'None'
[0.307s] Level 5:colcon.colcon_core.verb:set package 'mujoco_ros2' build argument 'cmake_target' from command line to 'None'
[0.307s] Level 5:colcon.colcon_core.verb:set package 'mujoco_ros2' build argument 'cmake_target_skip_unavailable' from command line to 'False'
[0.307s] Level 5:colcon.colcon_core.verb:set package 'mujoco_ros2' build argument 'cmake_clean_cache' from command line to 'False'
[0.307s] Level 5:colcon.colcon_core.verb:set package 'mujoco_ros2' build argument 'cmake_clean_first' from command line to 'False'
[0.307s] Level 5:colcon.colcon_core.verb:set package 'mujoco_ros2' build argument 'cmake_force_configure' from command line to 'False'
[0.307s] Level 5:colcon.colcon_core.verb:set package 'mujoco_ros2' build argument 'ament_cmake_args' from command line to 'None'
[0.307s] Level 5:colcon.colcon_core.verb:set package 'mujoco_ros2' build argument 'catkin_cmake_args' from command line to 'None'
[0.307s] Level 5:colcon.colcon_core.verb:set package 'mujoco_ros2' build argument 'catkin_skip_building_tests' from command line to 'False'
[0.307s] DEBUG:colcon.colcon_core.verb:Building package 'mujoco_ros2' with the following arguments: {'ament_cmake_args': None, 'build_base': '/home/amr/robot_project/build/mujoco_ros2', 'catkin_cmake_args': None, 'catkin_skip_building_tests': False, 'cmake_args': None, 'cmake_clean_cache': False, 'cmake_clean_first': False, 'cmake_force_configure': False, 'cmake_target': None, 'cmake_target_skip_unavailable': False, 'install_base': '/home/amr/robot_project/install/mujoco_ros2', 'merge_install': False, 'path': '/home/amr/robot_project/src/mujoco_ros2', 'symlink_install': False, 'test_result_base': None}
[0.307s] INFO:colcon.colcon_core.executor:Executing jobs using 'parallel' executor
[0.308s] DEBUG:colcon.colcon_parallel_executor.executor.parallel:run_until_complete
[0.308s] INFO:colcon.colcon_ros.task.ament_cmake.build:Building ROS package in '/home/amr/robot_project/src/mujoco_ros2' with build type 'ament_cmake'
[0.309s] INFO:colcon.colcon_cmake.task.cmake.build:Building CMake package in '/home/amr/robot_project/src/mujoco_ros2'
[0.311s] INFO:colcon.colcon_core.plugin_system:Skipping extension 'colcon_core.shell.bat': Not used on non-Windows systems
[0.311s] INFO:colcon.colcon_core.shell:Skip shell extension 'powershell' for command environment: Not usable outside of PowerShell
[0.311s] DEBUG:colcon.colcon_core.shell:Skip shell extension 'dsv' for command environment
[0.327s] DEBUG:colcon.colcon_core.event_handler.log_command:Invoking command in '/home/amr/robot_project/build/mujoco_ros2': CMAKE_PREFIX_PATH=${CMAKE_PREFIX_PATH}:/opt/ros/humble /usr/bin/cmake /home/amr/robot_project/src/mujoco_ros2 -DCMAKE_INSTALL_PREFIX=/home/amr/robot_project/install/mujoco_ros2
[1.581s] DEBUG:colcon.colcon_core.event_handler.log_command:Invoked command in '/home/amr/robot_project/build/mujoco_ros2' returned '0': CMAKE_PREFIX_PATH=${CMAKE_PREFIX_PATH}:/opt/ros/humble /usr/bin/cmake /home/amr/robot_project/src/mujoco_ros2 -DCMAKE_INSTALL_PREFIX=/home/amr/robot_project/install/mujoco_ros2
[1.582s] DEBUG:colcon.colcon_core.event_handler.log_command:Invoking command in '/home/amr/robot_project/build/mujoco_ros2': CMAKE_PREFIX_PATH=${CMAKE_PREFIX_PATH}:/opt/ros/humble /usr/bin/cmake --build /home/amr/robot_project/build/mujoco_ros2 -- -j6 -l6
[9.743s] DEBUG:colcon.colcon_core.event_handler.log_command:Invoked command in '/home/amr/robot_project/build/mujoco_ros2' returned '0': CMAKE_PREFIX_PATH=${CMAKE_PREFIX_PATH}:/opt/ros/humble /usr/bin/cmake --build /home/amr/robot_project/build/mujoco_ros2 -- -j6 -l6
[9.759s] DEBUG:colcon.colcon_core.event_handler.log_command:Invoking command in '/home/amr/robot_project/build/mujoco_ros2': CMAKE_PREFIX_PATH=${CMAKE_PREFIX_PATH}:/opt/ros/humble /usr/bin/cmake --install /home/amr/robot_project/build/mujoco_ros2
[9.795s] Level 1:colcon.colcon_core.environment:create_environment_scripts_only(mujoco_ros2)
[9.796s] DEBUG:colcon.colcon_core.event_handler.log_command:Invoked command in '/home/amr/robot_project/build/mujoco_ros2' returned '0': CMAKE_PREFIX_PATH=${CMAKE_PREFIX_PATH}:/opt/ros/humble /usr/bin/cmake --install /home/amr/robot_project/build/mujoco_ros2
[9.798s] Level 1:colcon.colcon_core.environment:checking '/home/amr/robot_project/install/mujoco_ros2' for CMake module files
[9.799s] Level 1:colcon.colcon_core.environment:checking '/home/amr/robot_project/install/mujoco_ros2' for CMake config files
[9.799s] Level 1:colcon.colcon_core.shell:create_environment_hook('mujoco_ros2', 'cmake_prefix_path')
[9.800s] INFO:colcon.colcon_core.shell:Creating environment hook '/home/amr/robot_project/install/mujoco_ros2/share/mujoco_ros2/hook/cmake_prefix_path.ps1'
[9.800s] INFO:colcon.colcon_core.shell:Creating environment descriptor '/home/amr/robot_project/install/mujoco_ros2/share/mujoco_ros2/hook/cmake_prefix_path.dsv'
[9.801s] INFO:colcon.colcon_core.shell:Creating environment hook '/home/amr/robot_project/install/mujoco_ros2/share/mujoco_ros2/hook/cmake_prefix_path.sh'
[9.803s] Level 1:colcon.colcon_core.environment:checking '/home/amr/robot_project/install/mujoco_ros2/lib'
[9.803s] Level 1:colcon.colcon_core.environment:checking '/home/amr/robot_project/install/mujoco_ros2/bin'
[9.803s] Level 1:colcon.colcon_core.environment:checking '/home/amr/robot_project/install/mujoco_ros2/lib/pkgconfig/mujoco_ros2.pc'
[9.804s] Level 1:colcon.colcon_core.environment:checking '/home/amr/robot_project/install/mujoco_ros2/lib/python3.10/site-packages'
[9.804s] Level 1:colcon.colcon_core.environment:checking '/home/amr/robot_project/install/mujoco_ros2/bin'
[9.804s] INFO:colcon.colcon_core.shell:Creating package script '/home/amr/robot_project/install/mujoco_ros2/share/mujoco_ros2/package.ps1'
[9.806s] INFO:colcon.colcon_core.shell:Creating package descriptor '/home/amr/robot_project/install/mujoco_ros2/share/mujoco_ros2/package.dsv'
[9.807s] INFO:colcon.colcon_core.shell:Creating package script '/home/amr/robot_project/install/mujoco_ros2/share/mujoco_ros2/package.sh'
[9.808s] INFO:colcon.colcon_core.shell:Creating package script '/home/amr/robot_project/install/mujoco_ros2/share/mujoco_ros2/package.bash'
[9.808s] INFO:colcon.colcon_core.shell:Creating package script '/home/amr/robot_project/install/mujoco_ros2/share/mujoco_ros2/package.zsh'
[9.809s] Level 1:colcon.colcon_core.environment:create_file_with_runtime_dependencies(/home/amr/robot_project/install/mujoco_ros2/share/colcon-core/packages/mujoco_ros2)
[9.813s] Level 1:colcon.colcon_core.environment:create_environment_scripts_only(mujoco_ros2)
[9.813s] Level 1:colcon.colcon_core.environment:checking '/home/amr/robot_project/install/mujoco_ros2' for CMake module files
[9.813s] Level 1:colcon.colcon_core.environment:checking '/home/amr/robot_project/install/mujoco_ros2' for CMake config files
[9.814s] Level 1:colcon.colcon_core.shell:create_environment_hook('mujoco_ros2', 'cmake_prefix_path')
[9.814s] INFO:colcon.colcon_core.shell:Creating environment hook '/home/amr/robot_project/install/mujoco_ros2/share/mujoco_ros2/hook/cmake_prefix_path.ps1'
[9.815s] INFO:colcon.colcon_core.shell:Creating environment descriptor '/home/amr/robot_project/install/mujoco_ros2/share/mujoco_ros2/hook/cmake_prefix_path.dsv'
[9.815s] INFO:colcon.colcon_core.shell:Creating environment hook '/home/amr/robot_project/install/mujoco_ros2/share/mujoco_ros2/hook/cmake_prefix_path.sh'
[9.816s] Level 1:colcon.colcon_core.environment:checking '/home/amr/robot_project/install/mujoco_ros2/lib'
[9.816s] Level 1:colcon.colcon_core.environment:checking '/home/amr/robot_project/install/mujoco_ros2/bin'
[9.817s] Level 1:colcon.colcon_core.environment:checking '/home/amr/robot_project/install/mujoco_ros2/lib/pkgconfig/mujoco_ros2.pc'
[9.817s] Level 1:colcon.colcon_core.environment:checking '/home/amr/robot_project/install/mujoco_ros2/lib/python3.10/site-packages'
[9.817s] Level 1:colcon.colcon_core.environment:checking '/home/amr/robot_project/install/mujoco_ros2/bin'
[9.818s] INFO:colcon.colcon_core.shell:Creating package script '/home/amr/robot_project/install/mujoco_ros2/share/mujoco_ros2/package.ps1'
[9.818s] INFO:colcon.colcon_core.shell:Creating package descriptor '/home/amr/robot_project/install/mujoco_ros2/share/mujoco_ros2/package.dsv'
[9.819s] INFO:colcon.colcon_core.shell:Creating package script '/home/amr/robot_project/install/mujoco_ros2/share/mujoco_ros2/package.sh'
[9.821s] INFO:colcon.colcon_core.shell:Creating package script '/home/amr/robot_project/install/mujoco_ros2/share/mujoco_ros2/package.bash'
[9.822s] INFO:colcon.colcon_core.shell:Creating package script '/home/amr/robot_project/install/mujoco_ros2/share/mujoco_ros2/package.zsh'
[9.823s] Level 1:colcon.colcon_core.environment:create_file_with_runtime_dependencies(/home/amr/robot_project/install/mujoco_ros2/share/colcon-core/packages/mujoco_ros2)
[9.824s] DEBUG:colcon.colcon_parallel_executor.executor.parallel:closing loop
[9.825s] DEBUG:colcon.colcon_parallel_executor.executor.parallel:loop closed
[9.825s] DEBUG:colcon.colcon_parallel_executor.executor.parallel:run_until_complete finished with '0'
[9.825s] DEBUG:colcon.colcon_core.event_reactor:joining thread
[9.836s] INFO:colcon.colcon_core.plugin_system:Skipping extension 'colcon_notification.desktop_notification.terminal_notifier': Not used on non-Darwin systems
[9.836s] INFO:colcon.colcon_core.plugin_system:Skipping extension 'colcon_notification.desktop_notification.win32': Not used on non-Windows systems
[9.836s] INFO:colcon.colcon_notification.desktop_notification:Sending desktop notification using 'notify2'
[9.865s] DEBUG:colcon.colcon_core.event_reactor:joined thread
[9.865s] INFO:colcon.colcon_core.shell:Creating prefix script '/home/amr/robot_project/install/local_setup.ps1'
[9.868s] INFO:colcon.colcon_core.shell:Creating prefix util module '/home/amr/robot_project/install/_local_setup_util_ps1.py'
[9.870s] INFO:colcon.colcon_core.shell:Creating prefix chain script '/home/amr/robot_project/install/setup.ps1'
[9.871s] INFO:colcon.colcon_core.shell:Creating prefix script '/home/amr/robot_project/install/local_setup.sh'
[9.872s] INFO:colcon.colcon_core.shell:Creating prefix util module '/home/amr/robot_project/install/_local_setup_util_sh.py'
[9.873s] INFO:colcon.colcon_core.shell:Creating prefix chain script '/home/amr/robot_project/install/setup.sh'
[9.874s] INFO:colcon.colcon_core.shell:Creating prefix script '/home/amr/robot_project/install/local_setup.bash'
[9.874s] INFO:colcon.colcon_core.shell:Creating prefix chain script '/home/amr/robot_project/install/setup.bash'
[9.875s] INFO:colcon.colcon_core.shell:Creating prefix script '/home/amr/robot_project/install/local_setup.zsh'
[9.876s] INFO:colcon.colcon_core.shell:Creating prefix chain script '/home/amr/robot_project/install/setup.zsh'
