[100%] Built target mujoco_node
-- Install configuration: ""
-- Up-to-date: /home/amr/robot_project/install/mujoco_ros2/lib/mujoco_ros2/mujoco_node
-- Up-to-date: /home/amr/robot_project/install/mujoco_ros2/share/mujoco_ros2/launch
-- Up-to-date: /home/amr/robot_project/install/mujoco_ros2/share/mujoco_ros2/launch/example.py
-- Up-to-date: /home/amr/robot_project/install/mujoco_ros2/share/mujoco_ros2/model
-- Up-to-date: /home/amr/robot_project/install/mujoco_ros2/share/mujoco_ros2/model/low_cost_robot_arm.xml
-- Up-to-date: /home/amr/robot_project/install/mujoco_ros2/share/mujoco_ros2/model/low_cost_robot_arm
-- Up-to-date: /home/amr/robot_project/install/mujoco_ros2/share/mujoco_ros2/model/low_cost_robot_arm/LICENSE
-- Up-to-date: /home/amr/robot_project/install/mujoco_ros2/share/mujoco_ros2/model/low_cost_robot_arm/README.md
-- Up-to-date: /home/amr/robot_project/install/mujoco_ros2/share/mujoco_ros2/model/low_cost_robot_arm/low_cost_robot_arm.png
-- Up-to-date: /home/amr/robot_project/install/mujoco_ros2/share/mujoco_ros2/model/assets
-- Up-to-date: /home/amr/robot_project/install/mujoco_ros2/share/mujoco_ros2/model/assets/elbow_to_wrist.stl
-- Up-to-date: /home/amr/robot_project/install/mujoco_ros2/share/mujoco_ros2/model/assets/shoulder_to_elbow_motor.stl
-- Up-to-date: /home/amr/robot_project/install/mujoco_ros2/share/mujoco_ros2/model/assets/gripper_static_finger_collision_2.stl
-- Up-to-date: /home/amr/robot_project/install/mujoco_ros2/share/mujoco_ros2/model/assets/gripper_moving_finger_collision_1.stl
-- Up-to-date: /home/amr/robot_project/install/mujoco_ros2/share/mujoco_ros2/model/assets/elbow_to_wrist_extension.stl
-- Up-to-date: /home/amr/robot_project/install/mujoco_ros2/share/mujoco_ros2/model/assets/shoulder_to_elbow.stl
-- Up-to-date: /home/amr/robot_project/install/mujoco_ros2/share/mujoco_ros2/model/assets/shoulder_rotation.stl
-- Up-to-date: /home/amr/robot_project/install/mujoco_ros2/share/mujoco_ros2/model/assets/shoulder_rotation_motor.stl
-- Up-to-date: /home/amr/robot_project/install/mujoco_ros2/share/mujoco_ros2/model/assets/gripper_static_finger_motor.stl
-- Up-to-date: /home/amr/robot_project/install/mujoco_ros2/share/mujoco_ros2/model/assets/gripper_moving_finger_collision_2.stl
-- Up-to-date: /home/amr/robot_project/install/mujoco_ros2/share/mujoco_ros2/model/assets/gripper_moving_finger.stl
-- Up-to-date: /home/amr/robot_project/install/mujoco_ros2/share/mujoco_ros2/model/assets/base_link.stl
-- Up-to-date: /home/amr/robot_project/install/mujoco_ros2/share/mujoco_ros2/model/assets/gripper_static_finger_collision_1.stl
-- Up-to-date: /home/amr/robot_project/install/mujoco_ros2/share/mujoco_ros2/model/assets/elbow_to_wrist_extension_motor.stl
-- Up-to-date: /home/amr/robot_project/install/mujoco_ros2/share/mujoco_ros2/model/assets/elbow_to_wrist_extension_collision.stl
-- Up-to-date: /home/amr/robot_project/install/mujoco_ros2/share/mujoco_ros2/model/assets/base_link_collision.stl
-- Up-to-date: /home/amr/robot_project/install/mujoco_ros2/share/mujoco_ros2/model/assets/elbow_to_wrist_motor.stl
-- Up-to-date: /home/amr/robot_project/install/mujoco_ros2/share/mujoco_ros2/model/assets/shoulder_rotation_collision.stl
-- Up-to-date: /home/amr/robot_project/install/mujoco_ros2/share/mujoco_ros2/model/assets/base_link_motor.stl
-- Up-to-date: /home/amr/robot_project/install/mujoco_ros2/share/mujoco_ros2/model/assets/shoulder_to_elbow_collision.stl
-- Up-to-date: /home/amr/robot_project/install/mujoco_ros2/share/mujoco_ros2/model/assets/gripper_static_finger.stl
-- Up-to-date: /home/amr/robot_project/install/mujoco_ros2/share/mujoco_ros2/model/assets/elbow_to_wrist_collision.stl
-- Up-to-date: /home/amr/robot_project/install/mujoco_ros2/share/mujoco_ros2/model/scene.xml
-- Up-to-date: /home/amr/robot_project/install/mujoco_ros2/share/ament_index/resource_index/package_run_dependencies/mujoco_ros2
-- Up-to-date: /home/amr/robot_project/install/mujoco_ros2/share/ament_index/resource_index/parent_prefix_path/mujoco_ros2
-- Up-to-date: /home/amr/robot_project/install/mujoco_ros2/share/mujoco_ros2/environment/ament_prefix_path.sh
-- Up-to-date: /home/amr/robot_project/install/mujoco_ros2/share/mujoco_ros2/environment/ament_prefix_path.dsv
-- Up-to-date: /home/amr/robot_project/install/mujoco_ros2/share/mujoco_ros2/environment/path.sh
-- Up-to-date: /home/amr/robot_project/install/mujoco_ros2/share/mujoco_ros2/environment/path.dsv
-- Up-to-date: /home/amr/robot_project/install/mujoco_ros2/share/mujoco_ros2/local_setup.bash
-- Up-to-date: /home/amr/robot_project/install/mujoco_ros2/share/mujoco_ros2/local_setup.sh
-- Up-to-date: /home/amr/robot_project/install/mujoco_ros2/share/mujoco_ros2/local_setup.zsh
-- Up-to-date: /home/amr/robot_project/install/mujoco_ros2/share/mujoco_ros2/local_setup.dsv
-- Installing: /home/amr/robot_project/install/mujoco_ros2/share/mujoco_ros2/package.dsv
-- Up-to-date: /home/amr/robot_project/install/mujoco_ros2/share/ament_index/resource_index/packages/mujoco_ros2
-- Up-to-date: /home/amr/robot_project/install/mujoco_ros2/share/mujoco_ros2/cmake/mujoco_ros2Config.cmake
-- Up-to-date: /home/amr/robot_project/install/mujoco_ros2/share/mujoco_ros2/cmake/mujoco_ros2Config-version.cmake
-- Up-to-date: /home/amr/robot_project/install/mujoco_ros2/share/mujoco_ros2/package.xml
